15 error Error: Command failed: git remote update
15 error fatal: '''' does not appear to be a git repository
15 error fatal: Could not read from remote repository.
15 error
15 error Please make sure you have the correct access rights
15 error and the repository exists.
15 error error: Could not fetch poc-micro-service
15 error remote: Not Found
15 error fatal: repository 'https://github.com/glh-henrique/' not found
15 error error: Could not fetch poc-micro-front
15 error
15 error Fetching poc-micro-service
15 error Fetching poc-micro-front
15 error Fetching origin
15 error
15 error     at makeError (D:\Develop\poc-micro-service\node_modules\execa\index.js:174:9)
15 error     at Function.module.exports.sync (D:\Develop\poc-micro-service\node_modules\execa\index.js:338:15)
15 error     at Object.execSync (D:\Develop\poc-micro-service\node_modules\@lerna\child-process\index.js:26:16)
15 error     at updateRemote (D:\Develop\poc-micro-service\node_modules\@lerna\version\lib\is-behind-upstream.js:26:16)
15 error     at isBehindUpstream (D:\Develop\poc-micro-service\node_modules\@lerna\version\lib\is-behind-upstream.js:11:3)
15 error     at VersionCommand.initialize (D:\Develop\poc-micro-service\node_modules\@lerna\version\index.js:154:9)
